<?xml version="1.0" encoding="UTF-8"?>
<!-- Generated by org.testng.reporters.JUnitReportReporter -->
<testsuite hostname="Christophers-MacBook-Pro.local" name="myPackage.TaxPersonTest" tests="1" failures="0" timestamp="11 Aug 2015 08:41:05 GMT" time="0.009" errors="0">
  <testcase name="CalculateCost" time="0.009" classname="myPackage.TaxPersonTest"/>
</testsuite> <!-- myPackage.TaxPersonTest -->
